<?xml version="1.0" encoding="UTF-8"?>
<!-- Generated by org.testng.reporters.JUnitReportReporter -->
<testsuite hostname="MYPROBOOK" failures="0" tests="1" name="com.it.bd.tests.LoginTest" time="10.960" errors="0" timestamp="2024-02-28T12:04:49 BDT" skipped="0">
  <testcase classname="com.it.bd.tests.LoginTest" name="testLoginMethod" time="10.960"/>
</testsuite> <!-- com.it.bd.tests.LoginTest -->
