<?xml version="1.0" encoding="UTF-8"?>
<!-- Generated by org.testng.reporters.JUnitReportReporter -->
<testsuite hostname="MYPROBOOK" failures="0" tests="1" name="com.it.bd.tests.AddEmployeeTest" time="13.775" errors="0" timestamp="2024-02-28T12:04:48 BDT" skipped="0">
  <testcase classname="com.it.bd.tests.AddEmployeeTest" name="testAddEmployeeMethod" time="13.775"/>
</testsuite> <!-- com.it.bd.tests.AddEmployeeTest -->
