<?xml version="1.0" encoding="UTF-8"?>
<!-- Generated by org.testng.reporters.JUnitReportReporter -->
<testsuite hostname="MYPROBOOK" failures="0" tests="1" name="com.it.bd.tests.EmployeeTest" time="51.531" errors="0" timestamp="2024-02-19T22:56:53 BDT" skipped="0">
  <testcase classname="com.it.bd.tests.EmployeeTest" name="addEmployee" time="51.531"/>
</testsuite> <!-- com.it.bd.tests.EmployeeTest -->
